{"D:\\Namaste React\\13-time-for-the test\\src\\components\\ContactUs.js": {"path":"D:\\Namaste React\\13-time-for-the test\\src\\components\\ContactUs.js","statementMap":{"0":{"start":{"line":1,"column":18},"end":{"line":22,"column":1}},"1":{"start":{"line":2,"column":2},"end":{"line":21,"column":4}}},"fnMap":{"0":{"name":"(anonymous_0)","decl":{"start":{"line":1,"column":18},"end":{"line":1,"column":19}},"loc":{"start":{"line":1,"column":24},"end":{"line":22,"column":1}},"line":1}},"branchMap":{},"s":{"0":1,"1":5},"f":{"0":5},"b":{},"_coverageSchema":"1a1c01bbd47fc00a2c39e90264f33305004495a9","hash":"77799e3041aa0422edb0954c696ede890232790c"}
,"D:\\Namaste React\\13-time-for-the test\\src\\components\\sum.js": {"path":"D:\\Namaste React\\13-time-for-the test\\src\\components\\sum.js","statementMap":{"0":{"start":{"line":1,"column":19},"end":{"line":3,"column":1}},"1":{"start":{"line":2,"column":2},"end":{"line":2,"column":15}}},"fnMap":{"0":{"name":"(anonymous_0)","decl":{"start":{"line":1,"column":19},"end":{"line":1,"column":20}},"loc":{"start":{"line":1,"column":29},"end":{"line":3,"column":1}},"line":1}},"branchMap":{},"s":{"0":1,"1":1},"f":{"0":1},"b":{},"_coverageSchema":"1a1c01bbd47fc00a2c39e90264f33305004495a9","hash":"895726f5df01e99677f87d7973aece5fea3e1893"}
}
