{"D:\\Namaste React\\13-time-for-the test\\src\\components\\Body.js": {"path":"D:\\Namaste React\\13-time-for-the test\\src\\components\\Body.js","statementMap":{"0":{"start":{"line":6,"column":13},"end":{"line":114,"column":1}},"1":{"start":{"line":7,"column":44},"end":{"line":7,"column":56}},"2":{"start":{"line":9,"column":46},"end":{"line":9,"column":58}},"3":{"start":{"line":11,"column":38},"end":{"line":11,"column":50}},"4":{"start":{"line":13,"column":2},"end":{"line":15,"column":9}},"5":{"start":{"line":14,"column":4},"end":{"line":14,"column":16}},"6":{"start":{"line":16,"column":20},"end":{"line":41,"column":3}},"7":{"start":{"line":17,"column":4},"end":{"line":40,"column":5}},"8":{"start":{"line":18,"column":19},"end":{"line":20,"column":7}},"9":{"start":{"line":21,"column":23},"end":{"line":21,"column":40}},"10":{"start":{"line":28,"column":6},"end":{"line":31,"column":8}},"11":{"start":{"line":33,"column":6},"end":{"line":36,"column":8}},"12":{"start":{"line":39,"column":6},"end":{"line":39,"column":21}},"13":{"start":{"line":43,"column":23},"end":{"line":43,"column":40}},"14":{"start":{"line":44,"column":2},"end":{"line":46,"column":3}},"15":{"start":{"line":45,"column":4},"end":{"line":45,"column":36}},"16":{"start":{"line":47,"column":40},"end":{"line":47,"column":63}},"17":{"start":{"line":49,"column":2},"end":{"line":51,"column":3}},"18":{"start":{"line":50,"column":4},"end":{"line":50,"column":23}},"19":{"start":{"line":53,"column":2},"end":{"line":113,"column":4}},"20":{"start":{"line":64,"column":14},"end":{"line":64,"column":44}},"21":{"start":{"line":70,"column":35},"end":{"line":74,"column":16}},"22":{"start":{"line":71,"column":16},"end":{"line":73,"column":54}},"23":{"start":{"line":76,"column":14},"end":{"line":76,"column":45}},"24":{"start":{"line":87,"column":14},"end":{"line":87,"column":42}},"25":{"start":{"line":95,"column":32},"end":{"line":97,"column":13}},"26":{"start":{"line":96,"column":29},"end":{"line":96,"column":61}},"27":{"start":{"line":99,"column":12},"end":{"line":99,"column":42}},"28":{"start":{"line":107,"column":10},"end":{"line":109,"column":12}}},"fnMap":{"0":{"name":"(anonymous_0)","decl":{"start":{"line":6,"column":13},"end":{"line":6,"column":14}},"loc":{"start":{"line":6,"column":19},"end":{"line":114,"column":1}},"line":6},"1":{"name":"(anonymous_1)","decl":{"start":{"line":13,"column":12},"end":{"line":13,"column":13}},"loc":{"start":{"line":13,"column":18},"end":{"line":15,"column":3}},"line":13},"2":{"name":"(anonymous_2)","decl":{"start":{"line":16,"column":20},"end":{"line":16,"column":21}},"loc":{"start":{"line":16,"column":32},"end":{"line":41,"column":3}},"line":16},"3":{"name":"(anonymous_3)","decl":{"start":{"line":63,"column":22},"end":{"line":63,"column":23}},"loc":{"start":{"line":63,"column":29},"end":{"line":65,"column":13}},"line":63},"4":{"name":"(anonymous_4)","decl":{"start":{"line":69,"column":21},"end":{"line":69,"column":22}},"loc":{"start":{"line":69,"column":27},"end":{"line":77,"column":13}},"line":69},"5":{"name":"(anonymous_5)","decl":{"start":{"line":70,"column":56},"end":{"line":70,"column":57}},"loc":{"start":{"line":70,"column":65},"end":{"line":74,"column":15}},"line":70},"6":{"name":"(anonymous_6)","decl":{"start":{"line":86,"column":22},"end":{"line":86,"column":23}},"loc":{"start":{"line":86,"column":29},"end":{"line":88,"column":13}},"line":86},"7":{"name":"(anonymous_7)","decl":{"start":{"line":94,"column":19},"end":{"line":94,"column":20}},"loc":{"start":{"line":94,"column":25},"end":{"line":100,"column":11}},"line":94},"8":{"name":"(anonymous_8)","decl":{"start":{"line":96,"column":14},"end":{"line":96,"column":15}},"loc":{"start":{"line":96,"column":29},"end":{"line":96,"column":61}},"line":96},"9":{"name":"(anonymous_9)","decl":{"start":{"line":106,"column":30},"end":{"line":106,"column":31}},"loc":{"start":{"line":106,"column":45},"end":{"line":110,"column":9}},"line":106}},"branchMap":{"0":{"loc":{"start":{"line":44,"column":2},"end":{"line":46,"column":3}},"type":"if","locations":[{"start":{"line":44,"column":2},"end":{"line":46,"column":3}},{"start":{},"end":{}}],"line":44},"1":{"loc":{"start":{"line":49,"column":2},"end":{"line":51,"column":3}},"type":"if","locations":[{"start":{"line":49,"column":2},"end":{"line":51,"column":3}},{"start":{},"end":{}}],"line":49}},"s":{"0":1,"1":7,"2":7,"3":7,"4":7,"5":2,"6":7,"7":2,"8":2,"9":2,"10":2,"11":2,"12":0,"13":7,"14":7,"15":0,"16":7,"17":7,"18":2,"19":5,"20":1,"21":1,"22":20,"23":1,"24":0,"25":1,"26":20,"27":1,"28":74},"f":{"0":7,"1":2,"2":2,"3":1,"4":1,"5":20,"6":0,"7":1,"8":20,"9":74},"b":{"0":[0,7],"1":[2,5]},"_coverageSchema":"1a1c01bbd47fc00a2c39e90264f33305004495a9","hash":"4192a072af349616a5af5a62dd85dc635891f162"}
,"D:\\Namaste React\\13-time-for-the test\\src\\components\\Cart.js": {"path":"D:\\Namaste React\\13-time-for-the test\\src\\components\\Cart.js","statementMap":{"0":{"start":{"line":5,"column":13},"end":{"line":36,"column":1}},"1":{"start":{"line":6,"column":20},"end":{"line":6,"column":60}},"2":{"start":{"line":6,"column":43},"end":{"line":6,"column":59}},"3":{"start":{"line":7,"column":19},"end":{"line":7,"column":32}},"4":{"start":{"line":9,"column":26},"end":{"line":11,"column":3}},"5":{"start":{"line":10,"column":4},"end":{"line":10,"column":26}},"6":{"start":{"line":13,"column":2},"end":{"line":35,"column":4}},"7":{"start":{"line":30,"column":12},"end":{"line":30,"column":56}}},"fnMap":{"0":{"name":"(anonymous_0)","decl":{"start":{"line":5,"column":13},"end":{"line":5,"column":14}},"loc":{"start":{"line":5,"column":19},"end":{"line":36,"column":1}},"line":5},"1":{"name":"(anonymous_1)","decl":{"start":{"line":6,"column":32},"end":{"line":6,"column":33}},"loc":{"start":{"line":6,"column":43},"end":{"line":6,"column":59}},"line":6},"2":{"name":"(anonymous_2)","decl":{"start":{"line":9,"column":26},"end":{"line":9,"column":27}},"loc":{"start":{"line":9,"column":32},"end":{"line":11,"column":3}},"line":9},"3":{"name":"(anonymous_3)","decl":{"start":{"line":29,"column":24},"end":{"line":29,"column":25}},"loc":{"start":{"line":30,"column":12},"end":{"line":30,"column":56}},"line":30}},"branchMap":{"0":{"loc":{"start":{"line":26,"column":9},"end":{"line":32,"column":9}},"type":"cond-expr","locations":[{"start":{"line":27,"column":10},"end":{"line":27,"column":51}},{"start":{"line":29,"column":10},"end":{"line":31,"column":12}}],"line":26}},"s":{"0":1,"1":4,"2":8,"3":4,"4":4,"5":1,"6":4,"7":3},"f":{"0":4,"1":8,"2":1,"3":3},"b":{"0":[2,2]},"_coverageSchema":"1a1c01bbd47fc00a2c39e90264f33305004495a9","hash":"bbcd6be62cec2d41596be26cc0eb03d3927997ec"}
,"D:\\Namaste React\\13-time-for-the test\\src\\components\\CartCard.js": {"path":"D:\\Namaste React\\13-time-for-the test\\src\\components\\CartCard.js","statementMap":{"0":{"start":{"line":3,"column":17},"end":{"line":29,"column":1}},"1":{"start":{"line":4,"column":62},"end":{"line":4,"column":72}},"2":{"start":{"line":5,"column":2},"end":{"line":28,"column":4}}},"fnMap":{"0":{"name":"(anonymous_0)","decl":{"start":{"line":3,"column":17},"end":{"line":3,"column":18}},"loc":{"start":{"line":3,"column":28},"end":{"line":29,"column":1}},"line":3}},"branchMap":{"0":{"loc":{"start":{"line":13,"column":13},"end":{"line":13,"column":53}},"type":"cond-expr","locations":[{"start":{"line":13,"column":21},"end":{"line":13,"column":32}},{"start":{"line":13,"column":35},"end":{"line":13,"column":53}}],"line":13},"1":{"loc":{"start":{"line":20,"column":9},"end":{"line":25,"column":9}},"type":"binary-expr","locations":[{"start":{"line":20,"column":9},"end":{"line":20,"column":16}},{"start":{"line":21,"column":10},"end":{"line":24,"column":12}}],"line":20}},"s":{"0":1,"1":3,"2":3},"f":{"0":3},"b":{"0":[3,0],"1":[3,3]},"_coverageSchema":"1a1c01bbd47fc00a2c39e90264f33305004495a9","hash":"ea4ca8215219dd8102cd404b3cc87806a6a06a3a"}
,"D:\\Namaste React\\13-time-for-the test\\src\\components\\ContactUs.js": {"path":"D:\\Namaste React\\13-time-for-the test\\src\\components\\ContactUs.js","statementMap":{"0":{"start":{"line":1,"column":18},"end":{"line":22,"column":1}},"1":{"start":{"line":2,"column":2},"end":{"line":21,"column":4}}},"fnMap":{"0":{"name":"(anonymous_0)","decl":{"start":{"line":1,"column":18},"end":{"line":1,"column":19}},"loc":{"start":{"line":1,"column":24},"end":{"line":22,"column":1}},"line":1}},"branchMap":{},"s":{"0":1,"1":5},"f":{"0":5},"b":{},"_coverageSchema":"1a1c01bbd47fc00a2c39e90264f33305004495a9","hash":"77799e3041aa0422edb0954c696ede890232790c"}
,"D:\\Namaste React\\13-time-for-the test\\src\\components\\FoodCategory.js": {"path":"D:\\Namaste React\\13-time-for-the test\\src\\components\\FoodCategory.js","statementMap":{"0":{"start":{"line":4,"column":21},"end":{"line":40,"column":1}},"1":{"start":{"line":5,"column":31},"end":{"line":5,"column":41}},"2":{"start":{"line":6,"column":38},"end":{"line":6,"column":43}},"3":{"start":{"line":8,"column":26},"end":{"line":10,"column":3}},"4":{"start":{"line":9,"column":4},"end":{"line":9,"column":19}},"5":{"start":{"line":12,"column":2},"end":{"line":39,"column":4}},"6":{"start":{"line":36,"column":10},"end":{"line":36,"column":67}}},"fnMap":{"0":{"name":"(anonymous_0)","decl":{"start":{"line":4,"column":21},"end":{"line":4,"column":22}},"loc":{"start":{"line":4,"column":32},"end":{"line":40,"column":1}},"line":4},"1":{"name":"(anonymous_1)","decl":{"start":{"line":8,"column":26},"end":{"line":8,"column":27}},"loc":{"start":{"line":8,"column":32},"end":{"line":10,"column":3}},"line":8},"2":{"name":"(anonymous_2)","decl":{"start":{"line":35,"column":22},"end":{"line":35,"column":23}},"loc":{"start":{"line":36,"column":10},"end":{"line":36,"column":67}},"line":36}},"branchMap":{"0":{"loc":{"start":{"line":34,"column":7},"end":{"line":37,"column":10}},"type":"binary-expr","locations":[{"start":{"line":34,"column":7},"end":{"line":34,"column":16}},{"start":{"line":35,"column":8},"end":{"line":37,"column":10}}],"line":34}},"s":{"0":1,"1":5,"2":5,"3":5,"4":3,"5":5,"6":20},"f":{"0":5,"1":3,"2":20},"b":{"0":[5,1]},"_coverageSchema":"1a1c01bbd47fc00a2c39e90264f33305004495a9","hash":"79af99ec1adcd024baf67232c713047d385216d4"}
,"D:\\Namaste React\\13-time-for-the test\\src\\components\\FoodItemsCard.js": {"path":"D:\\Namaste React\\13-time-for-the test\\src\\components\\FoodItemsCard.js","statementMap":{"0":{"start":{"line":4,"column":17},"end":{"line":46,"column":1}},"1":{"start":{"line":6,"column":4},"end":{"line":6,"column":26}},"2":{"start":{"line":9,"column":19},"end":{"line":9,"column":32}},"3":{"start":{"line":11,"column":24},"end":{"line":14,"column":3}},"4":{"start":{"line":13,"column":4},"end":{"line":13,"column":28}},"5":{"start":{"line":16,"column":2},"end":{"line":45,"column":4}},"6":{"start":{"line":38,"column":25},"end":{"line":38,"column":62}}},"fnMap":{"0":{"name":"(anonymous_0)","decl":{"start":{"line":4,"column":17},"end":{"line":4,"column":18}},"loc":{"start":{"line":4,"column":28},"end":{"line":46,"column":1}},"line":4},"1":{"name":"(anonymous_1)","decl":{"start":{"line":11,"column":24},"end":{"line":11,"column":25}},"loc":{"start":{"line":11,"column":34},"end":{"line":14,"column":3}},"line":11},"2":{"name":"(anonymous_2)","decl":{"start":{"line":38,"column":19},"end":{"line":38,"column":20}},"loc":{"start":{"line":38,"column":25},"end":{"line":38,"column":62}},"line":38}},"branchMap":{"0":{"loc":{"start":{"line":24,"column":13},"end":{"line":24,"column":53}},"type":"cond-expr","locations":[{"start":{"line":24,"column":21},"end":{"line":24,"column":32}},{"start":{"line":24,"column":35},"end":{"line":24,"column":53}}],"line":24},"1":{"loc":{"start":{"line":31,"column":9},"end":{"line":36,"column":9}},"type":"binary-expr","locations":[{"start":{"line":31,"column":9},"end":{"line":31,"column":16}},{"start":{"line":32,"column":10},"end":{"line":35,"column":12}}],"line":31}},"s":{"0":1,"1":20,"2":20,"3":20,"4":2,"5":20,"6":2},"f":{"0":20,"1":2,"2":2},"b":{"0":[20,0],"1":[20,20]},"_coverageSchema":"1a1c01bbd47fc00a2c39e90264f33305004495a9","hash":"aa53212f37a79d55adb419b543a9b0cf5400541a"}
,"D:\\Namaste React\\13-time-for-the test\\src\\components\\Header.js": {"path":"D:\\Namaste React\\13-time-for-the test\\src\\components\\Header.js","statementMap":{"0":{"start":{"line":8,"column":15},"end":{"line":43,"column":1}},"1":{"start":{"line":9,"column":32},"end":{"line":9,"column":49}},"2":{"start":{"line":10,"column":27},"end":{"line":10,"column":50}},"3":{"start":{"line":13,"column":20},"end":{"line":13,"column":60}},"4":{"start":{"line":13,"column":43},"end":{"line":13,"column":59}},"5":{"start":{"line":16,"column":2},"end":{"line":42,"column":4}},"6":{"start":{"line":34,"column":12},"end":{"line":34,"column":77}}},"fnMap":{"0":{"name":"(anonymous_0)","decl":{"start":{"line":8,"column":15},"end":{"line":8,"column":16}},"loc":{"start":{"line":8,"column":21},"end":{"line":43,"column":1}},"line":8},"1":{"name":"(anonymous_1)","decl":{"start":{"line":13,"column":32},"end":{"line":13,"column":33}},"loc":{"start":{"line":13,"column":43},"end":{"line":13,"column":59}},"line":13},"2":{"name":"(anonymous_2)","decl":{"start":{"line":33,"column":19},"end":{"line":33,"column":20}},"loc":{"start":{"line":33,"column":25},"end":{"line":35,"column":11}},"line":33}},"branchMap":{"0":{"loc":{"start":{"line":34,"column":12},"end":{"line":34,"column":76}},"type":"cond-expr","locations":[{"start":{"line":34,"column":34},"end":{"line":34,"column":54}},{"start":{"line":34,"column":57},"end":{"line":34,"column":76}}],"line":34}},"s":{"0":2,"1":9,"2":9,"3":9,"4":17,"5":9,"6":1},"f":{"0":9,"1":17,"2":1},"b":{"0":[1,0]},"_coverageSchema":"1a1c01bbd47fc00a2c39e90264f33305004495a9","hash":"0582a906b912aa3ea8cae7bb77622fb8dbf6233e"}
,"D:\\Namaste React\\13-time-for-the test\\src\\components\\RestaruntCard.js": {"path":"D:\\Namaste React\\13-time-for-the test\\src\\components\\RestaruntCard.js","statementMap":{"0":{"start":{"line":4,"column":22},"end":{"line":31,"column":1}},"1":{"start":{"line":5,"column":22},"end":{"line":5,"column":27}},"2":{"start":{"line":9,"column":23},"end":{"line":9,"column":36}},"3":{"start":{"line":10,"column":2},"end":{"line":30,"column":4}}},"fnMap":{"0":{"name":"(anonymous_0)","decl":{"start":{"line":4,"column":22},"end":{"line":4,"column":23}},"loc":{"start":{"line":4,"column":33},"end":{"line":31,"column":1}},"line":4}},"branchMap":{"0":{"loc":{"start":{"line":22,"column":9},"end":{"line":24,"column":73}},"type":"cond-expr","locations":[{"start":{"line":23,"column":12},"end":{"line":23,"column":30}},{"start":{"line":24,"column":13},"end":{"line":24,"column":72}}],"line":22}},"s":{"0":2,"1":75,"2":75,"3":75},"f":{"0":75},"b":{"0":[29,46]},"_coverageSchema":"1a1c01bbd47fc00a2c39e90264f33305004495a9","hash":"ca16e0c469de26b92858fb38f8c122abb7cbb487"}
,"D:\\Namaste React\\13-time-for-the test\\src\\components\\RestaruntMenu.js": {"path":"D:\\Namaste React\\13-time-for-the test\\src\\components\\RestaruntMenu.js","statementMap":{"0":{"start":{"line":7,"column":22},"end":{"line":61,"column":1}},"1":{"start":{"line":8,"column":20},"end":{"line":8,"column":31}},"2":{"start":{"line":10,"column":18},"end":{"line":10,"column":41}},"3":{"start":{"line":12,"column":36},"end":{"line":12,"column":47}},"4":{"start":{"line":14,"column":2},"end":{"line":16,"column":3}},"5":{"start":{"line":15,"column":4},"end":{"line":15,"column":23}},"6":{"start":{"line":19,"column":4},"end":{"line":19,"column":45}},"7":{"start":{"line":22,"column":4},"end":{"line":23,"column":12}},"8":{"start":{"line":30,"column":4},"end":{"line":34,"column":5}},"9":{"start":{"line":32,"column":8},"end":{"line":33,"column":70}},"10":{"start":{"line":35,"column":2},"end":{"line":35,"column":30}},"11":{"start":{"line":36,"column":2},"end":{"line":60,"column":4}},"12":{"start":{"line":51,"column":10},"end":{"line":56,"column":12}},"13":{"start":{"line":55,"column":32},"end":{"line":55,"column":51}}},"fnMap":{"0":{"name":"(anonymous_0)","decl":{"start":{"line":7,"column":22},"end":{"line":7,"column":23}},"loc":{"start":{"line":7,"column":28},"end":{"line":61,"column":1}},"line":7},"1":{"name":"(anonymous_1)","decl":{"start":{"line":31,"column":6},"end":{"line":31,"column":7}},"loc":{"start":{"line":32,"column":8},"end":{"line":33,"column":70}},"line":32},"2":{"name":"(anonymous_2)","decl":{"start":{"line":50,"column":28},"end":{"line":50,"column":29}},"loc":{"start":{"line":51,"column":10},"end":{"line":56,"column":12}},"line":51},"3":{"name":"(anonymous_3)","decl":{"start":{"line":55,"column":26},"end":{"line":55,"column":27}},"loc":{"start":{"line":55,"column":32},"end":{"line":55,"column":51}},"line":55}},"branchMap":{"0":{"loc":{"start":{"line":14,"column":2},"end":{"line":16,"column":3}},"type":"if","locations":[{"start":{"line":14,"column":2},"end":{"line":16,"column":3}},{"start":{},"end":{}}],"line":14},"1":{"loc":{"start":{"line":54,"column":23},"end":{"line":54,"column":57}},"type":"cond-expr","locations":[{"start":{"line":54,"column":45},"end":{"line":54,"column":49}},{"start":{"line":54,"column":52},"end":{"line":54,"column":57}}],"line":54}},"s":{"0":1,"1":3,"2":3,"3":3,"4":3,"5":1,"6":2,"7":2,"8":2,"9":26,"10":2,"11":2,"12":10,"13":3},"f":{"0":3,"1":26,"2":10,"3":3},"b":{"0":[1,2],"1":[2,8]},"_coverageSchema":"1a1c01bbd47fc00a2c39e90264f33305004495a9","hash":"5afa9e4a2f7b69f70d5f8838911b11b0563c2f90"}
,"D:\\Namaste React\\13-time-for-the test\\src\\components\\Shimmer.js": {"path":"D:\\Namaste React\\13-time-for-the test\\src\\components\\Shimmer.js","statementMap":{"0":{"start":{"line":1,"column":16},"end":{"line":15,"column":1}},"1":{"start":{"line":2,"column":2},"end":{"line":14,"column":4}}},"fnMap":{"0":{"name":"(anonymous_0)","decl":{"start":{"line":1,"column":16},"end":{"line":1,"column":17}},"loc":{"start":{"line":1,"column":22},"end":{"line":15,"column":1}},"line":1}},"branchMap":{},"s":{"0":2,"1":3},"f":{"0":3},"b":{},"_coverageSchema":"1a1c01bbd47fc00a2c39e90264f33305004495a9","hash":"8b195bc3feea4959c8dce252f29cb04c48d061e8"}
,"D:\\Namaste React\\13-time-for-the test\\src\\components\\sum.js": {"path":"D:\\Namaste React\\13-time-for-the test\\src\\components\\sum.js","statementMap":{"0":{"start":{"line":1,"column":19},"end":{"line":3,"column":1}},"1":{"start":{"line":2,"column":2},"end":{"line":2,"column":15}}},"fnMap":{"0":{"name":"(anonymous_0)","decl":{"start":{"line":1,"column":19},"end":{"line":1,"column":20}},"loc":{"start":{"line":1,"column":29},"end":{"line":3,"column":1}},"line":1}},"branchMap":{},"s":{"0":1,"1":1},"f":{"0":1},"b":{},"_coverageSchema":"1a1c01bbd47fc00a2c39e90264f33305004495a9","hash":"895726f5df01e99677f87d7973aece5fea3e1893"}
,"D:\\Namaste React\\13-time-for-the test\\src\\utils\\Constant.js": {"path":"D:\\Namaste React\\13-time-for-the test\\src\\utils\\Constant.js","statementMap":{"0":{"start":{"line":2,"column":2},"end":{"line":2,"column":85}},"1":{"start":{"line":5,"column":2},"end":{"line":5,"column":104}},"2":{"start":{"line":8,"column":2},"end":{"line":8,"column":125}},"3":{"start":{"line":10,"column":2},"end":{"line":10,"column":97}}},"fnMap":{},"branchMap":{},"s":{"0":4,"1":4,"2":4,"3":4},"f":{},"b":{},"_coverageSchema":"1a1c01bbd47fc00a2c39e90264f33305004495a9","hash":"31c1a404b627a0e55eadfdc036863ae6bc1cc4c2"}
,"D:\\Namaste React\\13-time-for-the test\\src\\utils\\appStore.js": {"path":"D:\\Namaste React\\13-time-for-the test\\src\\utils\\appStore.js","statementMap":{"0":{"start":{"line":4,"column":17},"end":{"line":8,"column":2}}},"fnMap":{},"branchMap":{},"s":{"0":2},"f":{},"b":{},"_coverageSchema":"1a1c01bbd47fc00a2c39e90264f33305004495a9","hash":"c3c7530657adce28ce59e06831f3eb1fe0ae73db"}
,"D:\\Namaste React\\13-time-for-the test\\src\\utils\\cartSlice.js": {"path":"D:\\Namaste React\\13-time-for-the test\\src\\utils\\cartSlice.js","statementMap":{"0":{"start":{"line":3,"column":18},"end":{"line":21,"column":2}},"1":{"start":{"line":12,"column":6},"end":{"line":12,"column":39}},"2":{"start":{"line":15,"column":6},"end":{"line":15,"column":24}},"3":{"start":{"line":18,"column":6},"end":{"line":18,"column":29}},"4":{"start":{"line":25,"column":50},"end":{"line":25,"column":67}}},"fnMap":{"0":{"name":"(anonymous_0)","decl":{"start":{"line":11,"column":13},"end":{"line":11,"column":14}},"loc":{"start":{"line":11,"column":32},"end":{"line":13,"column":5}},"line":11},"1":{"name":"(anonymous_1)","decl":{"start":{"line":14,"column":16},"end":{"line":14,"column":17}},"loc":{"start":{"line":14,"column":35},"end":{"line":16,"column":5}},"line":14},"2":{"name":"(anonymous_2)","decl":{"start":{"line":17,"column":15},"end":{"line":17,"column":16}},"loc":{"start":{"line":17,"column":26},"end":{"line":19,"column":5}},"line":17}},"branchMap":{},"s":{"0":2,"1":2,"2":0,"3":1,"4":2},"f":{"0":2,"1":0,"2":1},"b":{},"_coverageSchema":"1a1c01bbd47fc00a2c39e90264f33305004495a9","hash":"468fef7188aaa3f844e1bbf3c3161b48bb00b604"}
,"D:\\Namaste React\\13-time-for-the test\\src\\utils\\useOnlineStatus.js": {"path":"D:\\Namaste React\\13-time-for-the test\\src\\utils\\useOnlineStatus.js","statementMap":{"0":{"start":{"line":3,"column":24},"end":{"line":16,"column":1}},"1":{"start":{"line":4,"column":42},"end":{"line":4,"column":56}},"2":{"start":{"line":6,"column":2},"end":{"line":13,"column":9}},"3":{"start":{"line":7,"column":4},"end":{"line":9,"column":7}},"4":{"start":{"line":8,"column":6},"end":{"line":8,"column":28}},"5":{"start":{"line":10,"column":4},"end":{"line":12,"column":7}},"6":{"start":{"line":11,"column":6},"end":{"line":11,"column":29}},"7":{"start":{"line":15,"column":2},"end":{"line":15,"column":22}}},"fnMap":{"0":{"name":"(anonymous_0)","decl":{"start":{"line":3,"column":24},"end":{"line":3,"column":25}},"loc":{"start":{"line":3,"column":30},"end":{"line":16,"column":1}},"line":3},"1":{"name":"(anonymous_1)","decl":{"start":{"line":6,"column":12},"end":{"line":6,"column":13}},"loc":{"start":{"line":6,"column":18},"end":{"line":13,"column":3}},"line":6},"2":{"name":"(anonymous_2)","decl":{"start":{"line":7,"column":38},"end":{"line":7,"column":39}},"loc":{"start":{"line":7,"column":44},"end":{"line":9,"column":5}},"line":7},"3":{"name":"(anonymous_3)","decl":{"start":{"line":10,"column":39},"end":{"line":10,"column":40}},"loc":{"start":{"line":10,"column":45},"end":{"line":12,"column":5}},"line":10}},"branchMap":{},"s":{"0":1,"1":7,"2":7,"3":2,"4":0,"5":2,"6":0,"7":7},"f":{"0":7,"1":2,"2":0,"3":0},"b":{},"_coverageSchema":"1a1c01bbd47fc00a2c39e90264f33305004495a9","hash":"cf7f97b4545183836b3dc58d5e64f1a973511d1b"}
,"D:\\Namaste React\\13-time-for-the test\\src\\utils\\useRestaruntMenu.js": {"path":"D:\\Namaste React\\13-time-for-the test\\src\\utils\\useRestaruntMenu.js","statementMap":{"0":{"start":{"line":5,"column":25},"end":{"line":17,"column":1}},"1":{"start":{"line":6,"column":32},"end":{"line":6,"column":46}},"2":{"start":{"line":8,"column":2},"end":{"line":10,"column":9}},"3":{"start":{"line":9,"column":4},"end":{"line":9,"column":16}},"4":{"start":{"line":11,"column":20},"end":{"line":15,"column":3}},"5":{"start":{"line":12,"column":17},"end":{"line":12,"column":50}},"6":{"start":{"line":13,"column":21},"end":{"line":13,"column":38}},"7":{"start":{"line":14,"column":4},"end":{"line":14,"column":25}},"8":{"start":{"line":16,"column":2},"end":{"line":16,"column":17}}},"fnMap":{"0":{"name":"(anonymous_0)","decl":{"start":{"line":5,"column":25},"end":{"line":5,"column":26}},"loc":{"start":{"line":5,"column":36},"end":{"line":17,"column":1}},"line":5},"1":{"name":"(anonymous_1)","decl":{"start":{"line":8,"column":12},"end":{"line":8,"column":13}},"loc":{"start":{"line":8,"column":18},"end":{"line":10,"column":3}},"line":8},"2":{"name":"(anonymous_2)","decl":{"start":{"line":11,"column":20},"end":{"line":11,"column":21}},"loc":{"start":{"line":11,"column":32},"end":{"line":15,"column":3}},"line":11}},"branchMap":{},"s":{"0":1,"1":3,"2":3,"3":1,"4":3,"5":1,"6":1,"7":1,"8":3},"f":{"0":3,"1":1,"2":1},"b":{},"_coverageSchema":"1a1c01bbd47fc00a2c39e90264f33305004495a9","hash":"adcf080e474f572e2d316fe97964979ad1311336"}
,"D:\\Namaste React\\13-time-for-the test\\src\\utils\\userContext.js": {"path":"D:\\Namaste React\\13-time-for-the test\\src\\utils\\userContext.js","statementMap":{"0":{"start":{"line":3,"column":20},"end":{"line":5,"column":2}}},"fnMap":{},"branchMap":{},"s":{"0":3},"f":{},"b":{},"_coverageSchema":"1a1c01bbd47fc00a2c39e90264f33305004495a9","hash":"88065fc909dffb8770a857a05d0d345dd5e314eb"}
}
