TN:
SF:src\components\Body.js
FN:6,(anonymous_0)
FN:13,(anonymous_1)
FN:16,(anonymous_2)
FN:63,(anonymous_3)
FN:69,(anonymous_4)
FN:70,(anonymous_5)
FN:86,(anonymous_6)
FN:94,(anonymous_7)
FN:96,(anonymous_8)
FN:106,(anonymous_9)
FNF:10
FNH:9
FNDA:7,(anonymous_0)
FNDA:2,(anonymous_1)
FNDA:2,(anonymous_2)
FNDA:1,(anonymous_3)
FNDA:1,(anonymous_4)
FNDA:20,(anonymous_5)
FNDA:0,(anonymous_6)
FNDA:1,(anonymous_7)
FNDA:20,(anonymous_8)
FNDA:74,(anonymous_9)
DA:6,1
DA:7,7
DA:9,7
DA:11,7
DA:13,7
DA:14,2
DA:16,7
DA:17,2
DA:18,2
DA:21,2
DA:28,2
DA:33,2
DA:39,0
DA:43,7
DA:44,7
DA:45,0
DA:47,7
DA:49,7
DA:50,2
DA:53,5
DA:64,1
DA:70,1
DA:71,20
DA:76,1
DA:87,0
DA:95,1
DA:96,20
DA:99,1
DA:107,74
LF:29
LH:26
BRDA:44,0,0,0
BRDA:44,0,1,7
BRDA:49,1,0,2
BRDA:49,1,1,5
BRF:4
BRH:3
end_of_record
TN:
SF:src\components\Cart.js
FN:5,(anonymous_0)
FN:6,(anonymous_1)
FN:9,(anonymous_2)
FN:29,(anonymous_3)
FNF:4
FNH:4
FNDA:4,(anonymous_0)
FNDA:8,(anonymous_1)
FNDA:1,(anonymous_2)
FNDA:3,(anonymous_3)
DA:5,1
DA:6,8
DA:7,4
DA:9,4
DA:10,1
DA:13,4
DA:30,3
LF:7
LH:7
BRDA:26,0,0,2
BRDA:26,0,1,2
BRF:2
BRH:2
end_of_record
TN:
SF:src\components\CartCard.js
FN:3,(anonymous_0)
FNF:1
FNH:1
FNDA:3,(anonymous_0)
DA:3,1
DA:4,3
DA:5,3
LF:3
LH:3
BRDA:13,0,0,3
BRDA:13,0,1,0
BRDA:20,1,0,3
BRDA:20,1,1,3
BRF:4
BRH:3
end_of_record
TN:
SF:src\components\ContactUs.js
FN:1,(anonymous_0)
FNF:1
FNH:1
FNDA:5,(anonymous_0)
DA:1,1
DA:2,5
LF:2
LH:2
BRF:0
BRH:0
end_of_record
TN:
SF:src\components\FoodCategory.js
FN:4,(anonymous_0)
FN:8,(anonymous_1)
FN:35,(anonymous_2)
FNF:3
FNH:3
FNDA:5,(anonymous_0)
FNDA:3,(anonymous_1)
FNDA:20,(anonymous_2)
DA:4,1
DA:5,5
DA:6,5
DA:8,5
DA:9,3
DA:12,5
DA:36,20
LF:7
LH:7
BRDA:34,0,0,5
BRDA:34,0,1,1
BRF:2
BRH:2
end_of_record
TN:
SF:src\components\FoodItemsCard.js
FN:4,(anonymous_0)
FN:11,(anonymous_1)
FN:38,(anonymous_2)
FNF:3
FNH:3
FNDA:20,(anonymous_0)
FNDA:2,(anonymous_1)
FNDA:2,(anonymous_2)
DA:4,1
DA:6,20
DA:9,20
DA:11,20
DA:13,2
DA:16,20
DA:38,2
LF:7
LH:7
BRDA:24,0,0,20
BRDA:24,0,1,0
BRDA:31,1,0,20
BRDA:31,1,1,20
BRF:4
BRH:3
end_of_record
TN:
SF:src\components\Header.js
FN:8,(anonymous_0)
FN:13,(anonymous_1)
FN:33,(anonymous_2)
FNF:3
FNH:3
FNDA:9,(anonymous_0)
FNDA:17,(anonymous_1)
FNDA:1,(anonymous_2)
DA:8,2
DA:9,9
DA:10,9
DA:13,17
DA:16,9
DA:34,1
LF:6
LH:6
BRDA:34,0,0,1
BRDA:34,0,1,0
BRF:2
BRH:1
end_of_record
TN:
SF:src\components\RestaruntCard.js
FN:4,(anonymous_0)
FNF:1
FNH:1
FNDA:75,(anonymous_0)
DA:4,2
DA:5,75
DA:9,75
DA:10,75
LF:4
LH:4
BRDA:22,0,0,29
BRDA:22,0,1,46
BRF:2
BRH:2
end_of_record
TN:
SF:src\components\RestaruntMenu.js
FN:7,(anonymous_0)
FN:31,(anonymous_1)
FN:50,(anonymous_2)
FN:55,(anonymous_3)
FNF:4
FNH:4
FNDA:3,(anonymous_0)
FNDA:26,(anonymous_1)
FNDA:10,(anonymous_2)
FNDA:3,(anonymous_3)
DA:7,1
DA:8,3
DA:10,3
DA:12,3
DA:14,3
DA:15,1
DA:19,2
DA:22,2
DA:30,2
DA:32,26
DA:35,2
DA:36,2
DA:51,10
DA:55,3
LF:14
LH:14
BRDA:14,0,0,1
BRDA:14,0,1,2
BRDA:54,1,0,2
BRDA:54,1,1,8
BRF:4
BRH:4
end_of_record
TN:
SF:src\components\Shimmer.js
FN:1,(anonymous_0)
FNF:1
FNH:1
FNDA:3,(anonymous_0)
DA:1,2
DA:2,3
LF:2
LH:2
BRF:0
BRH:0
end_of_record
TN:
SF:src\components\sum.js
FN:1,(anonymous_0)
FNF:1
FNH:1
FNDA:1,(anonymous_0)
DA:1,1
DA:2,1
LF:2
LH:2
BRF:0
BRH:0
end_of_record
TN:
SF:src\utils\Constant.js
FNF:0
FNH:0
DA:2,4
DA:5,4
DA:8,4
DA:10,4
LF:4
LH:4
BRF:0
BRH:0
end_of_record
TN:
SF:src\utils\appStore.js
FNF:0
FNH:0
DA:4,2
LF:1
LH:1
BRF:0
BRH:0
end_of_record
TN:
SF:src\utils\cartSlice.js
FN:11,(anonymous_0)
FN:14,(anonymous_1)
FN:17,(anonymous_2)
FNF:3
FNH:2
FNDA:2,(anonymous_0)
FNDA:0,(anonymous_1)
FNDA:1,(anonymous_2)
DA:3,2
DA:12,2
DA:15,0
DA:18,1
DA:25,2
LF:5
LH:4
BRF:0
BRH:0
end_of_record
TN:
SF:src\utils\useOnlineStatus.js
FN:3,(anonymous_0)
FN:6,(anonymous_1)
FN:7,(anonymous_2)
FN:10,(anonymous_3)
FNF:4
FNH:2
FNDA:7,(anonymous_0)
FNDA:2,(anonymous_1)
FNDA:0,(anonymous_2)
FNDA:0,(anonymous_3)
DA:3,1
DA:4,7
DA:6,7
DA:7,2
DA:8,0
DA:10,2
DA:11,0
DA:15,7
LF:8
LH:6
BRF:0
BRH:0
end_of_record
TN:
SF:src\utils\useRestaruntMenu.js
FN:5,(anonymous_0)
FN:8,(anonymous_1)
FN:11,(anonymous_2)
FNF:3
FNH:3
FNDA:3,(anonymous_0)
FNDA:1,(anonymous_1)
FNDA:1,(anonymous_2)
DA:5,1
DA:6,3
DA:8,3
DA:9,1
DA:11,3
DA:12,1
DA:13,1
DA:14,1
DA:16,3
LF:9
LH:9
BRF:0
BRH:0
end_of_record
TN:
SF:src\utils\userContext.js
FNF:0
FNH:0
DA:3,3
LF:1
LH:1
BRF:0
BRH:0
end_of_record
